<?xml version="1.0" encoding="UTF-8"?>
<!-- Generated by org.testng.reporters.JUnitReportReporter -->
<testsuite skipped="0" hostname="TinZar" name="Auto.validateTitle" tests="1" failures="0" timestamp="07 Jul 2018 09:26:00 GMT" time="1.374" errors="0">
  <testcase name="ValidateTitle" time="1.374" classname="Auto.validateTitle"/>
</testsuite> <!-- Auto.validateTitle -->
