<?xml version="1.0" encoding="UTF-8"?>
<!-- Generated by org.testng.reporters.JUnitReportReporter -->
<testsuite skipped="0" hostname="TinZar" name="Auto.validateNavBar" tests="1" failures="0" timestamp="07 Jul 2018 09:26:00 GMT" time="0.816" errors="0">
  <testcase name="ValidateNavUser" time="0.816" classname="Auto.validateNavBar"/>
</testsuite> <!-- Auto.validateNavBar -->
