<?xml version="1.0" encoding="UTF-8"?>
<!-- Generated by org.testng.reporters.JUnitReportReporter -->
<testsuite skipped="0" hostname="TinZar" name="Auto.validateNavBar" tests="1" failures="0" timestamp="07 Jul 2018 09:50:01 GMT" time="1.396" errors="0">
  <testcase name="ValidateNavUser" time="1.396" classname="Auto.validateNavBar"/>
</testsuite> <!-- Auto.validateNavBar -->
